<?xml version="1.0" encoding="UTF-8"?>
<testsuite xmlns:xsi="http://www.w3.org/2001/XMLSchema-instance" xsi:noNamespaceSchemaLocation="https://maven.apache.org/surefire/maven-surefire-plugin/xsd/surefire-test-report.xsd" name="com.digpro.codetest.backend.util.SimpleParserImplTest" time="0.183" tests="4" errors="0" skipped="0" failures="0">
  <properties>
[...]
</properties>
  <testcase name="testFindByPatternNotContainString" classname="com.digpro.codetest.backend.util.SimpleParserImplTest" time="0.102"/>
  <testcase name="testFindByPatternContainString" classname="com.digpro.codetest.backend.util.SimpleParserImplTest" time="0"/>
  <testcase name="testFindByPatternWithTextParametrsIsNull" classname="com.digpro.codetest.backend.util.SimpleParserImplTest" time="0.008"/>
  <testcase name="testFindByPatternWithPatternParametrsIsNull" classname="com.digpro.codetest.backend.util.SimpleParserImplTest" time="0.001"/>
</testsuite>